<?xml version="1.0" encoding="UTF-8"?>
<!-- Generated by org.testng.reporters.JUnitReportReporter -->
<testsuite skipped="0" hostname="ANILJ-W01" name="scripts.TC1" tests="1" failures="0" timestamp="14 Feb 2019 09:48:58 GMT" time="46.138" errors="0">
  <testcase name="tc1" time="46.138" classname="scripts.TC1"/>
</testsuite> <!-- scripts.TC1 -->
